<?xml version="1.0" encoding="utf-8"?><testsuites name="pytest tests"><testsuite name="pytest" errors="0" failures="0" skipped="0" tests="5" time="0.943" timestamp="2026-09-08T17:38:49.962410+00:00" hostname="agent-env-f3389f49-30d5-41e6-9ea6-557861f0a849"><testcase classname="tests.test_chai_panchayat_api.TestRegisterPush" name="test_register_push_placeholder_or_success" time="0.216" /><testcase classname="tests.test_chai_panchayat_api.TestBroadcastTest" name="test_broadcast_placeholder_or_success" time="0.225" /><testcase classname="tests.test_chai_panchayat_api.TestRegisterPush" name="test_register_push_validation" time="0.154" /><testcase classname="tests.test_chai_panchayat_api.TestBroadcastTest" name="test_broadcast_validation" time="0.204" /><testcase classname="tests.test_chai_panchayat_api.TestHealth" name="test_root_ok" time="0.212" /></testsuite></testsuites>